cl : command line warning D9035: option 'Gm' has been deprecated and will be removed in a future release
  Trigger_WeaponGiver.cpp
  Trigger_SoundNotify.cpp
  Trigger_HealthGiver.cpp
  Raven_WeaponSystem.cpp
  Raven_UserOptions.cpp
  Raven_TargetingSystem.cpp
  Raven_SteeringBehaviors.cpp
  Raven_SensoryMemory.cpp
  Raven_Map.cpp
  Raven_Game.cpp
  Raven_Door.cpp
  Raven_Bot.cpp
  Raven_PathPlanner.cpp
  main.cpp
  Raven_Scriptor.cpp
  GraveMarkers.cpp
  Raven_Goal_Types.cpp
  Raven_Feature.cpp
  Goal_Wander.cpp
  Goal_TraverseEdge.cpp
  Generating Code...
  Compiling...
  Goal_Think.cpp
  Goal_SeekToPosition.cpp
  Goal_SayPhrase.cpp
  Goal_NegotiateDoor.cpp
  Goal_MoveToPosition.cpp
  Goal_HuntTarget.cpp
  Goal_GetItem.cpp
  Goal_FollowPath.cpp
  Goal_Explore.cpp
  Goal_DodgeSideToSide.cpp
  Goal_AttackTarget.cpp
  Goal_AdjustRange.cpp
  GetWeaponGoal_Evaluator.cpp
  GetHealthGoal_Evaluator.cpp
  ExploreGoal_Evaluator.cpp
  AttackTargetGoal_Evaluator.cpp
  Weapon_ShotGun.cpp
  Weapon_RocketLauncher.cpp
  Weapon_RailGun.cpp
  Weapon_Blaster.cpp
  Generating Code...
  Compiling...
  Raven_Weapon.cpp
  Raven_Projectile.cpp
  Projectile_Slug.cpp
  Projectile_Rocket.cpp
  Projectile_Pellet.cpp
  Projectile_Bolt.cpp
  PrecisionTimer.cpp
  CrudeTimer.cpp
  WindowUtils.cpp
  FrameCounter.cpp
  Cgdi.cpp
  MessageDispatcher.cpp
  EntityManager.cpp
  BaseGameEntity.cpp
  FuzzyVariable.cpp
  FuzzySet_Triangle.cpp
  FuzzySet_Singleton.cpp
  FuzzySet_RightShoulder.cpp
  FuzzySet_LeftShoulder.cpp
  FuzzyOperators.cpp
  Generating Code...
  Compiling...
  FuzzyModule.cpp
  DebugConsole.cpp
  Vector2d.cpp
  Generating Code...
  Raven.vcxproj -> C:\Users\louis\Desktop\CANADA\Cours\Intelligence artificielle pour le jeu vidéo\Mini Projet\raven_VS2015\UQAC_mini_projet_IA\VS2015\Buckland_Chapter7 to 10_Raven\Debug\Raven.exe
